{"level":"Info","time":"2023-01-31T04:05:18Z","message":"starting server","properties":{"addr":"4000","env":"development"}}
{"level":"Fatal","time":"2023-01-31T04:05:18Z","message":"listen tcp :4000: bind: address already in use","trace":"goroutine 1 [running]:\nruntime/debug.Stack()\n\t/usr/lib/go-1.18/src/runtime/debug/stack.go:24 +0x65\nmdb/internal/jsonlog.(*Logger).print(0xc0003c76b0, 0x2, {0xc0003fe600, 0x2e}, 0x0)\n\t/home/rishi/repos/mdb/internal/jsonlog/jsonlog.go:63 +0x1fb\nmdb/internal/jsonlog.(*Logger).PrintFatal(0xc000377500?, {0x946740?, 0xc0003a2f50?}, 0xf?)\n\t/home/rishi/repos/mdb/internal/jsonlog/jsonlog.go:88 +0x4b\nmain.main()\n\t/home/rishi/repos/mdb/cmd/api/main.go:79 +0x750\n"}
{"level":"Info","time":"2023-01-31T04:11:17Z","message":"starting server","properties":{"addr":"4000","env":"development"}}
{"level":"Info","time":"2023-02-02T02:40:55Z","message":"starting server","properties":{"addr":"4000","env":"development"}}
{"level":"Info","time":"2023-02-02T02:51:02Z","message":"starting server","properties":{"addr":"4000","env":"development"}}
{"level":"Info","time":"2023-02-02T02:55:10Z","message":"starting server","properties":{"addr":"4000","env":"development"}}
{"level":"Info","time":"2023-02-02T03:24:58Z","message":"starting server","properties":{"addr":"4000","env":"development"}}
{"level":"Info","time":"2023-02-02T03:27:13Z","message":"starting server","properties":{"addr":"4000","env":"development"}}
{"level":"Info","time":"2023-02-02T03:28:01Z","message":"starting server","properties":{"addr":"4000","env":"development"}}
{"level":"Info","time":"2023-02-02T03:29:23Z","message":"starting server","properties":{"addr":"4000","env":"development"}}
{"level":"Info","time":"2023-02-02T03:30:05Z","message":"starting server","properties":{"addr":"4000","env":"development"}}
{"level":"Info","time":"2023-02-02T03:31:06Z","message":"starting server","properties":{"addr":"4000","env":"development"}}
{"level":"Info","time":"2023-02-02T03:32:07Z","message":"starting server","properties":{"addr":"4000","env":"development"}}
{"level":"Info","time":"2023-02-02T03:35:02Z","message":"starting server","properties":{"addr":"4000","env":"development"}}
{"level":"Info","time":"2023-02-02T06:37:14Z","message":"starting server","properties":{"addr":"4000","env":"development"}}
{"level":"Info","time":"2023-02-02T06:38:09Z","message":"starting server","properties":{"addr":"4000","env":"development"}}
{"level":"Info","time":"2023-02-02T07:16:20Z","message":"starting server","properties":{"addr":"4000","env":"development"}}
{"level":"Info","time":"2023-02-02T07:18:16Z","message":"starting server","properties":{"addr":"4000","env":"development"}}
{"level":"Info","time":"2023-02-02T07:18:28Z","message":"starting server","properties":{"addr":"4000","env":"development"}}
{"level":"Info","time":"2023-02-02T07:49:17Z","message":"starting server","properties":{"addr":"4000","env":"development"}}
{"level":"Info","time":"2023-02-02T07:49:17Z","message":"starting development server on 4000 port."}
{"level":"Info","time":"2023-02-03T04:23:27Z","message":"starting server","properties":{"addr":"4000","env":"development"}}
{"level":"Info","time":"2023-02-03T04:23:27Z","message":"Server started","properties":{"addr":"4000","env":"development"}}
{"level":"Info","time":"2023-02-03T04:30:16Z","message":"Shutdown initiated","properties":{"signal":"interrupt"}}
{"level":"Info","time":"2023-02-03T04:30:16Z","message":"Shutdown completed","properties":{"addr":"4000","env":"development"}}
{"level":"Info","time":"2023-02-03T04:30:28Z","message":"starting server","properties":{"addr":"4000","env":"development"}}
{"level":"Info","time":"2023-02-03T04:31:03Z","message":"starting server","properties":{"addr":"4000","env":"development"}}
{"level":"Info","time":"2023-02-03T04:31:07Z","message":"Shutdown initiated","properties":{"signal":"terminated"}}
{"level":"Info","time":"2023-02-03T04:31:07Z","message":"Shutdown completed","properties":{"addr":"4000","env":"development"}}
{"level":"Info","time":"2023-02-03T05:11:03Z","message":"starting server","properties":{"addr":"4000","env":"development"}}
{"level":"Info","time":"2023-02-03T05:11:36Z","message":"Shutdown initiated","properties":{"signal":"terminated"}}
{"level":"Info","time":"2023-02-03T05:11:36Z","message":"Shutdown completed","properties":{"addr":"4000","env":"development"}}
{"level":"Info","time":"2023-02-03T05:11:56Z","message":"starting server","properties":{"addr":"4000","env":"development"}}
{"level":"Info","time":"2023-02-03T05:12:18Z","message":"Shutdown initiated","properties":{"signal":"terminated"}}
{"level":"Info","time":"2023-02-03T05:12:21Z","message":"Shutdown completed","properties":{"addr":"4000","env":"development"}}
{"level":"Info","time":"2023-02-03T05:12:37Z","message":"starting server","properties":{"addr":"4000","env":"development"}}
{"level":"Info","time":"2023-02-03T05:12:42Z","message":"Shutdown initiated","properties":{"signal":"interrupt"}}
{"level":"Info","time":"2023-02-03T05:12:42Z","message":"Shutdown completed","properties":{"addr":"4000","env":"development"}}
{"level":"Info","time":"2023-02-03T05:12:44Z","message":"starting server","properties":{"addr":"4000","env":"development"}}
{"level":"Info","time":"2023-02-03T05:12:51Z","message":"Shutdown initiated","properties":{"signal":"terminated"}}
{"level":"Info","time":"2023-02-03T05:12:55Z","message":"Shutdown completed","properties":{"addr":"4000","env":"development"}}
{"level":"Info","time":"2023-02-04T12:48:01Z","message":"starting server","properties":{"addr":"4000","env":"development"}}
{"level":"Info","time":"2023-02-04T12:53:50Z","message":"Shutdown initiated","properties":{"signal":"interrupt"}}
{"level":"Info","time":"2023-02-04T12:53:50Z","message":"Shutdown completed","properties":{"addr":"4000","env":"development"}}
{"level":"Info","time":"2023-02-04T12:53:54Z","message":"starting server","properties":{"addr":"4000","env":"development"}}
{"level":"Info","time":"2023-02-04T12:54:57Z","message":"Shutdown initiated","properties":{"signal":"interrupt"}}
{"level":"Info","time":"2023-02-04T12:54:57Z","message":"Shutdown completed","properties":{"addr":"4000","env":"development"}}
{"level":"Info","time":"2023-02-04T12:54:59Z","message":"starting server","properties":{"addr":"4000","env":"development"}}
{"level":"Info","time":"2023-02-04T13:00:27Z","message":"Shutdown initiated","properties":{"signal":"interrupt"}}
{"level":"Info","time":"2023-02-04T13:00:27Z","message":"Shutdown completed","properties":{"addr":"4000","env":"development"}}
{"level":"Info","time":"2023-02-04T13:00:29Z","message":"starting server","properties":{"addr":"4000","env":"development"}}
{"level":"Info","time":"2023-02-04T13:02:05Z","message":"Shutdown initiated","properties":{"signal":"interrupt"}}
{"level":"Info","time":"2023-02-04T13:02:05Z","message":"Shutdown completed","properties":{"addr":"4000","env":"development"}}
{"level":"Info","time":"2023-02-04T13:02:07Z","message":"starting server","properties":{"addr":"4000","env":"development"}}
{"level":"Info","time":"2023-02-04T13:02:38Z","message":"Shutdown initiated","properties":{"signal":"interrupt"}}
{"level":"Info","time":"2023-02-04T13:02:38Z","message":"Shutdown completed","properties":{"addr":"4000","env":"development"}}
{"level":"Info","time":"2023-02-04T13:02:40Z","message":"starting server","properties":{"addr":"4000","env":"development"}}
{"level":"Info","time":"2023-02-04T13:08:45Z","message":"Shutdown initiated","properties":{"signal":"interrupt"}}
{"level":"Info","time":"2023-02-04T13:08:45Z","message":"Shutdown completed","properties":{"addr":"4000","env":"development"}}
{"level":"Info","time":"2023-02-04T13:08:47Z","message":"starting server","properties":{"addr":"4000","env":"development"}}
{"level":"Info","time":"2023-02-04T13:09:17Z","message":"Shutdown initiated","properties":{"signal":"interrupt"}}
{"level":"Info","time":"2023-02-04T13:09:17Z","message":"Shutdown completed","properties":{"addr":"4000","env":"development"}}
{"level":"Info","time":"2023-02-04T13:09:19Z","message":"starting server","properties":{"addr":"4000","env":"development"}}
{"level":"Info","time":"2023-02-04T13:11:35Z","message":"Shutdown initiated","properties":{"signal":"interrupt"}}
{"level":"Info","time":"2023-02-04T13:11:35Z","message":"Shutdown completed","properties":{"addr":"4000","env":"development"}}
{"level":"Info","time":"2023-02-04T13:11:38Z","message":"starting server","properties":{"addr":"4000","env":"development"}}
{"level":"Info","time":"2023-02-04T13:12:13Z","message":"Shutdown initiated","properties":{"signal":"interrupt"}}
{"level":"Info","time":"2023-02-04T13:12:13Z","message":"Shutdown completed","properties":{"addr":"4000","env":"development"}}
{"level":"Info","time":"2023-02-04T13:12:15Z","message":"starting server","properties":{"addr":"4000","env":"development"}}
{"level":"Info","time":"2023-02-04T13:12:33Z","message":"Shutdown initiated","properties":{"signal":"interrupt"}}
{"level":"Info","time":"2023-02-04T13:12:33Z","message":"Shutdown completed","properties":{"addr":"4000","env":"development"}}
{"level":"Info","time":"2023-02-04T13:12:35Z","message":"starting server","properties":{"addr":"4000","env":"development"}}
{"level":"Info","time":"2023-02-04T13:14:25Z","message":"Shutdown initiated","properties":{"signal":"interrupt"}}
{"level":"Info","time":"2023-02-04T13:14:25Z","message":"Shutdown completed","properties":{"addr":"4000","env":"development"}}
{"level":"Info","time":"2023-02-04T13:14:27Z","message":"starting server","properties":{"addr":"4000","env":"development"}}
{"level":"Info","time":"2023-02-04T13:35:43Z","message":"Shutdown initiated","properties":{"signal":"interrupt"}}
{"level":"Info","time":"2023-02-04T13:35:43Z","message":"Shutdown completed","properties":{"addr":"4000","env":"development"}}
{"level":"Info","time":"2023-02-04T13:35:45Z","message":"starting server","properties":{"addr":"4000","env":"development"}}
{"level":"Info","time":"2023-02-04T13:36:30Z","message":"Shutdown initiated","properties":{"signal":"interrupt"}}
{"level":"Info","time":"2023-02-04T13:36:30Z","message":"Shutdown completed","properties":{"addr":"4000","env":"development"}}
{"level":"Info","time":"2023-02-04T13:36:37Z","message":"starting server","properties":{"addr":"4000","env":"development"}}
{"level":"Info","time":"2023-02-04T13:37:16Z","message":"Shutdown initiated","properties":{"signal":"interrupt"}}
{"level":"Info","time":"2023-02-04T13:37:16Z","message":"Shutdown completed","properties":{"addr":"4000","env":"development"}}
{"level":"Info","time":"2023-02-04T13:37:18Z","message":"starting server","properties":{"addr":"4000","env":"development"}}
{"level":"Info","time":"2023-02-04T13:38:35Z","message":"Shutdown initiated","properties":{"signal":"interrupt"}}
{"level":"Info","time":"2023-02-04T13:38:35Z","message":"Shutdown completed","properties":{"addr":"4000","env":"development"}}
{"level":"Info","time":"2023-02-04T13:38:37Z","message":"starting server","properties":{"addr":"4000","env":"development"}}
{"level":"Info","time":"2023-02-04T13:42:21Z","message":"Shutdown initiated","properties":{"signal":"interrupt"}}
{"level":"Info","time":"2023-02-04T13:42:21Z","message":"Shutdown completed","properties":{"addr":"4000","env":"development"}}
{"level":"Info","time":"2023-02-04T13:42:23Z","message":"starting server","properties":{"addr":"4000","env":"development"}}
{"level":"Info","time":"2023-02-04T13:43:14Z","message":"Shutdown initiated","properties":{"signal":"interrupt"}}
{"level":"Info","time":"2023-02-04T13:43:14Z","message":"Shutdown completed","properties":{"addr":"4000","env":"development"}}
{"level":"Info","time":"2023-02-04T13:43:16Z","message":"starting server","properties":{"addr":"4000","env":"development"}}
{"level":"Info","time":"2023-02-04T13:45:36Z","message":"Shutdown initiated","properties":{"signal":"interrupt"}}
{"level":"Info","time":"2023-02-04T13:45:36Z","message":"Shutdown completed","properties":{"addr":"4000","env":"development"}}
{"level":"Info","time":"2023-02-04T13:45:38Z","message":"starting server","properties":{"addr":"4000","env":"development"}}
{"level":"Info","time":"2023-02-04T13:49:42Z","message":"Shutdown initiated","properties":{"signal":"interrupt"}}
{"level":"Info","time":"2023-02-04T13:49:42Z","message":"Shutdown completed","properties":{"addr":"4000","env":"development"}}
{"level":"Info","time":"2023-02-04T13:49:45Z","message":"starting server","properties":{"addr":"4000","env":"development"}}
{"level":"Info","time":"2023-02-04T13:53:12Z","message":"Shutdown initiated","properties":{"signal":"interrupt"}}
{"level":"Info","time":"2023-02-04T13:53:12Z","message":"Shutdown completed","properties":{"addr":"4000","env":"development"}}
{"level":"Info","time":"2023-02-04T13:53:14Z","message":"starting server","properties":{"addr":"4000","env":"development"}}
{"level":"Info","time":"2023-02-04T13:54:24Z","message":"Shutdown initiated","properties":{"signal":"interrupt"}}
{"level":"Info","time":"2023-02-04T13:54:24Z","message":"Shutdown completed","properties":{"addr":"4000","env":"development"}}
{"level":"Info","time":"2023-02-04T13:54:41Z","message":"starting server","properties":{"addr":"4000","env":"development"}}
{"level":"Info","time":"2023-02-04T17:15:01Z","message":"starting server","properties":{"addr":"4000","env":"development"}}
{"level":"Info","time":"2023-02-04T17:20:24Z","message":"Shutdown initiated","properties":{"signal":"interrupt"}}
{"level":"Info","time":"2023-02-04T17:20:24Z","message":"Shutdown completed","properties":{"addr":"4000","env":"development"}}
{"level":"Info","time":"2023-02-04T17:20:27Z","message":"starting server","properties":{"addr":"4000","env":"development"}}
{"level":"Info","time":"2023-02-04T17:22:41Z","message":"Shutdown initiated","properties":{"signal":"interrupt"}}
{"level":"Info","time":"2023-02-04T17:22:41Z","message":"Shutdown completed","properties":{"addr":"4000","env":"development"}}
{"level":"Info","time":"2023-02-04T17:22:44Z","message":"starting server","properties":{"addr":"4000","env":"development"}}
{"level":"Info","time":"2023-02-04T17:35:32Z","message":"Shutdown initiated","properties":{"signal":"interrupt"}}
{"level":"Info","time":"2023-02-04T17:35:32Z","message":"Shutdown completed","properties":{"addr":"4000","env":"development"}}
{"level":"Info","time":"2023-02-04T17:40:29Z","message":"starting server","properties":{"addr":"4000","env":"development"}}
{"level":"Info","time":"2023-02-04T17:48:33Z","message":"Shutdown initiated","properties":{"signal":"interrupt"}}
{"level":"Info","time":"2023-02-04T17:48:33Z","message":"Shutdown completed","properties":{"addr":"4000","env":"development"}}
{"level":"Info","time":"2023-02-04T17:48:49Z","message":"starting server","properties":{"addr":"4000","env":"development"}}
{"level":"Info","time":"2023-02-04T17:49:51Z","message":"Shutdown initiated","properties":{"signal":"interrupt"}}
{"level":"Info","time":"2023-02-04T17:49:51Z","message":"Shutdown completed","properties":{"addr":"4000","env":"development"}}
{"level":"Info","time":"2023-02-04T17:49:54Z","message":"starting server","properties":{"addr":"4000","env":"development"}}
{"level":"Info","time":"2023-02-04T17:51:46Z","message":"Shutdown initiated","properties":{"signal":"interrupt"}}
{"level":"Info","time":"2023-02-04T17:51:46Z","message":"Shutdown completed","properties":{"addr":"4000","env":"development"}}
{"level":"Info","time":"2023-02-04T17:51:47Z","message":"starting server","properties":{"addr":"4000","env":"development"}}
{"level":"Info","time":"2023-02-04T17:57:28Z","message":"Shutdown initiated","properties":{"signal":"interrupt"}}
{"level":"Info","time":"2023-02-04T17:57:28Z","message":"Shutdown completed","properties":{"addr":"4000","env":"development"}}
{"level":"Info","time":"2023-02-04T17:57:31Z","message":"starting server","properties":{"addr":"4000","env":"development"}}
{"level":"Info","time":"2023-02-04T17:58:43Z","message":"Shutdown initiated","properties":{"signal":"interrupt"}}
{"level":"Info","time":"2023-02-04T17:58:43Z","message":"Shutdown completed","properties":{"addr":"4000","env":"development"}}
{"level":"Info","time":"2023-02-04T17:58:45Z","message":"starting server","properties":{"addr":"4000","env":"development"}}
{"level":"Info","time":"2023-02-04T18:13:56Z","message":"Shutdown initiated","properties":{"signal":"interrupt"}}
{"level":"Info","time":"2023-02-04T18:13:56Z","message":"Shutdown completed","properties":{"addr":"4000","env":"development"}}
{"level":"Info","time":"2023-02-04T18:13:59Z","message":"starting server","properties":{"addr":"4000","env":"development"}}
{"level":"Info","time":"2023-02-04T18:33:53Z","message":"Shutdown initiated","properties":{"signal":"interrupt"}}
{"level":"Info","time":"2023-02-04T18:33:53Z","message":"Shutdown completed","properties":{"addr":"4000","env":"development"}}
{"level":"Info","time":"2023-02-04T18:33:55Z","message":"starting server","properties":{"addr":"4000","env":"development"}}
{"level":"Info","time":"2023-02-04T18:35:56Z","message":"Shutdown initiated","properties":{"signal":"interrupt"}}
{"level":"Fatal","time":"2023-02-04T18:36:01Z","message":"context deadline exceeded","trace":"goroutine 1 [running]:\nruntime/debug.Stack()\n\t/usr/lib/go-1.18/src/runtime/debug/stack.go:24 +0x65\nmdb/internal/jsonlog.(*Logger).print(0xc0004a6000, 0x2, {0x8a1a6e, 0x19}, 0x0)\n\t/home/rishi/repos/mdb/internal/jsonlog/jsonlog.go:63 +0x1fb\nmdb/internal/jsonlog.(*Logger).PrintFatal(0xc0004aa000?, {0x956720?, 0xc1b560?}, 0x4?)\n\t/home/rishi/repos/mdb/internal/jsonlog/jsonlog.go:88 +0x4b\nmain.main()\n\t/home/rishi/repos/mdb/cmd/api/main.go:88 +0x9ce\n"}
{"level":"Info","time":"2023-02-04T18:36:05Z","message":"starting server","properties":{"addr":"4000","env":"development"}}
{"level":"Info","time":"2023-02-04T18:37:10Z","message":"Shutdown initiated","properties":{"signal":"interrupt"}}
{"level":"Fatal","time":"2023-02-04T18:37:15Z","message":"context deadline exceeded","trace":"goroutine 1 [running]:\nruntime/debug.Stack()\n\t/usr/lib/go-1.18/src/runtime/debug/stack.go:24 +0x65\nmdb/internal/jsonlog.(*Logger).print(0xc00036be90, 0x2, {0x8a1a85, 0x19}, 0x0)\n\t/home/rishi/repos/mdb/internal/jsonlog/jsonlog.go:63 +0x1fb\nmdb/internal/jsonlog.(*Logger).PrintFatal(0xc0002c0ff0?, {0x956760?, 0xc1b560?}, 0x4?)\n\t/home/rishi/repos/mdb/internal/jsonlog/jsonlog.go:88 +0x4b\nmain.main()\n\t/home/rishi/repos/mdb/cmd/api/main.go:88 +0x9ce\n"}
{"level":"Info","time":"2023-02-04T18:41:00Z","message":"starting server","properties":{"addr":"4000","env":"development"}}
{"level":"Info","time":"2023-02-05T06:28:35Z","message":"Shutdown initiated","properties":{"signal":"interrupt"}}
{"level":"Info","time":"2023-02-05T06:28:35Z","message":"Shutdown completed","properties":{"addr":"4000","env":"development"}}
{"level":"Info","time":"2023-02-05T06:51:00Z","message":"starting server","properties":{"addr":"4000","env":"development"}}
{"level":"Info","time":"2023-02-05T10:45:50Z","message":"Shutdown initiated","properties":{"signal":"interrupt"}}
{"level":"Info","time":"2023-02-05T10:45:50Z","message":"Shutdown completed","properties":{"addr":"4000","env":"development"}}
{"level":"Info","time":"2023-02-05T10:45:53Z","message":"starting server","properties":{"addr":"4000","env":"development"}}
{"level":"Info","time":"2023-02-05T11:04:35Z","message":"Shutdown initiated","properties":{"signal":"interrupt"}}
{"level":"Info","time":"2023-02-05T11:04:35Z","message":"Shutdown completed","properties":{"addr":"4000","env":"development"}}
{"level":"Info","time":"2023-02-05T11:04:37Z","message":"starting server","properties":{"addr":"4000","env":"development"}}
{"level":"Error","time":"2023-02-05T11:04:43Z","message":"gomail: could not send email 1: 550 5.1.1 \u003ccontact1@example.com\u003e: Recipient address rejected: User unknown in local recipient table","properties":{"msg":"Failed to send email","user":"contact1@example.com"},"trace":"goroutine 22 [running]:\nruntime/debug.Stack()\n\t/usr/lib/go-1.18/src/runtime/debug/stack.go:24 +0x65\nmdb/internal/jsonlog.(*Logger).print(0xc00040b170, 0x1, {0xc0003ec240, 0x83}, 0xc0003cea50)\n\t/home/rishi/repos/mdb/internal/jsonlog/jsonlog.go:63 +0x1fb\nmdb/internal/jsonlog.(*Logger).PrintError(0x948b80?, {0xab91c0?, 0xc0000a6900?}, 0x4?)\n\t/home/rishi/repos/mdb/internal/jsonlog/jsonlog.go:82 +0x4b\nmain.(*application).registerUserHandler.func1()\n\t/home/rishi/repos/mdb/cmd/api/users.go:45 +0x152\nmain.(*application).Background.func1()\n\t/home/rishi/repos/mdb/cmd/api/helper.go:34 +0x5b\ncreated by main.(*application).Background\n\t/home/rishi/repos/mdb/cmd/api/helper.go:28 +0x72\n"}
{"level":"Info","time":"2023-02-05T12:03:00Z","message":"starting server","properties":{"addr":"4000","env":"development"}}
{"level":"Info","time":"2023-02-05T12:48:28Z","message":"Shutdown initiated","properties":{"signal":"interrupt"}}
{"level":"Info","time":"2023-02-05T12:48:28Z","message":"Shutdown completed","properties":{"addr":"4000","env":"development"}}
{"level":"Info","time":"2023-02-05T12:48:32Z","message":"starting server","properties":{"addr":"4000","env":"development"}}
{"level":"Info","time":"2023-02-05T12:50:07Z","message":"Shutdown initiated","properties":{"signal":"interrupt"}}
{"level":"Info","time":"2023-02-05T12:50:07Z","message":"Completing Background tasks","properties":{"signal":"interrupt"}}
{"level":"Info","time":"2023-02-05T12:50:07Z","message":"Shutdown completed","properties":{"addr":"4000","env":"development"}}
{"level":"Info","time":"2023-02-05T12:50:59Z","message":"starting server","properties":{"addr":"4000","env":"development"}}
{"level":"Info","time":"2023-02-05T12:51:03Z","message":"BG sleeping"}
{"level":"Info","time":"2023-02-05T12:51:15Z","message":"Shutdown initiated","properties":{"signal":"interrupt"}}
{"level":"Info","time":"2023-02-05T12:51:15Z","message":"Completing Background tasks","properties":{"signal":"interrupt"}}
{"level":"Fatal","time":"2023-02-05T12:51:23Z","message":"context deadline exceeded","trace":"goroutine 1 [running]:\nruntime/debug.Stack()\n\t/usr/lib/go-1.18/src/runtime/debug/stack.go:24 +0x65\nmdb/internal/jsonlog.(*Logger).print(0xc00007e4b0, 0x2, {0x9e56dd, 0x19}, 0x0)\n\t/home/rishi/repos/mdb/internal/jsonlog/jsonlog.go:63 +0x1fb\nmdb/internal/jsonlog.(*Logger).PrintFatal(0xc0005aa200?, {0xababc0?, 0xe3ad00?}, 0x4?)\n\t/home/rishi/repos/mdb/internal/jsonlog/jsonlog.go:88 +0x4b\nmain.main()\n\t/home/rishi/repos/mdb/cmd/api/main.go:90 +0xa05\n"}
